<?xml version="1.0" encoding="UTF-8"?>
<testng-results ignored="0" total="1" passed="1" failed="0" skipped="0">
  <reporter-output>
    <line>
      <![CDATA[from before suite]]>
    </line>
    <line>
      <![CDATA[reporter config]]>
    </line>
    <line>
      <![CDATA[JDBC connection]]>
    </line>
    <line>
      <![CDATA[from before test]]>
    </line>
    <line>
      <![CDATA[from before method]]>
    </line>
    <line>
      <![CDATA[Smartphone is found]]>
    </line>
    <line>
      <![CDATA[from after method]]>
    </line>
    <line>
      <![CDATA[from after class]]>
    </line>
    <line>
      <![CDATA[close browser]]>
    </line>
    <line>
      <![CDATA[from after test]]>
    </line>
    <line>
      <![CDATA[from after suite]]>
    </line>
    <line>
      <![CDATA[flush reporter]]>
    </line>
    <line>
      <![CDATA[closing JDBC connection]]>
    </line>
  </reporter-output>
  <suite started-at="2023-12-26T12:19:56 IST" name="Default suite" finished-at="2023-12-26T12:20:51 IST" duration-ms="54433">
    <groups>
    </groups>
    <test started-at="2023-12-26T12:19:56 IST" name="Default test" finished-at="2023-12-26T12:20:51 IST" duration-ms="54433">
      <class name="Scripts.DWS_TC_005">
        <test-method is-config="true" signature="beforeSuite()[pri:0, instance:Scripts.DWS_TC_005@306cf3ea]" started-at="2023-12-26T12:19:56 IST" name="beforeSuite" finished-at="2023-12-26T12:19:56 IST" duration-ms="34" status="PASS">
          <reporter-output>
            <line>
              <![CDATA[from before suite]]>
            </line>
            <line>
              <![CDATA[reporter config]]>
            </line>
            <line>
              <![CDATA[JDBC connection]]>
            </line>
          </reporter-output>
        </test-method> <!-- beforeSuite -->
        <test-method is-config="true" signature="beforeTest()[pri:0, instance:Scripts.DWS_TC_005@306cf3ea]" started-at="2023-12-26T12:19:56 IST" name="beforeTest" finished-at="2023-12-26T12:19:56 IST" duration-ms="2" status="PASS">
          <reporter-output>
            <line>
              <![CDATA[from before test]]>
            </line>
          </reporter-output>
        </test-method> <!-- beforeTest -->
        <test-method is-config="true" signature="beforeClass()[pri:0, instance:Scripts.DWS_TC_005@306cf3ea]" started-at="2023-12-26T12:19:56 IST" name="beforeClass" finished-at="2023-12-26T12:20:30 IST" duration-ms="33689" status="PASS">
          <reporter-output>
          </reporter-output>
        </test-method> <!-- beforeClass -->
        <test-method is-config="true" signature="beforeMethod()[pri:0, instance:Scripts.DWS_TC_005@306cf3ea]" started-at="2023-12-26T12:20:30 IST" name="beforeMethod" finished-at="2023-12-26T12:20:38 IST" duration-ms="8485" status="PASS">
          <reporter-output>
            <line>
              <![CDATA[from before method]]>
            </line>
          </reporter-output>
        </test-method> <!-- beforeMethod -->
        <test-method signature="productToCartSection()[pri:0, instance:Scripts.DWS_TC_005@306cf3ea]" started-at="2023-12-26T12:20:38 IST" name="productToCartSection" finished-at="2023-12-26T12:20:51 IST" duration-ms="12137" status="PASS">
          <reporter-output>
            <line>
              <![CDATA[Smartphone is found]]>
            </line>
          </reporter-output>
        </test-method> <!-- productToCartSection -->
        <test-method is-config="true" signature="afterMethod()[pri:0, instance:Scripts.DWS_TC_005@306cf3ea]" started-at="2023-12-26T12:20:51 IST" name="afterMethod" finished-at="2023-12-26T12:20:51 IST" duration-ms="1" status="PASS">
          <reporter-output>
            <line>
              <![CDATA[from after method]]>
            </line>
          </reporter-output>
        </test-method> <!-- afterMethod -->
        <test-method is-config="true" signature="afterClass()[pri:0, instance:Scripts.DWS_TC_005@306cf3ea]" started-at="2023-12-26T12:20:51 IST" name="afterClass" finished-at="2023-12-26T12:20:51 IST" duration-ms="1" status="PASS">
          <reporter-output>
            <line>
              <![CDATA[from after class]]>
            </line>
            <line>
              <![CDATA[close browser]]>
            </line>
          </reporter-output>
        </test-method> <!-- afterClass -->
        <test-method is-config="true" signature="afterTest()[pri:0, instance:Scripts.DWS_TC_005@306cf3ea]" started-at="2023-12-26T12:20:51 IST" name="afterTest" finished-at="2023-12-26T12:20:51 IST" duration-ms="0" status="PASS">
          <reporter-output>
            <line>
              <![CDATA[from after test]]>
            </line>
          </reporter-output>
        </test-method> <!-- afterTest -->
        <test-method is-config="true" signature="afterSuite()[pri:0, instance:Scripts.DWS_TC_005@306cf3ea]" started-at="2023-12-26T12:20:51 IST" name="afterSuite" finished-at="2023-12-26T12:20:51 IST" duration-ms="0" status="PASS">
          <reporter-output>
            <line>
              <![CDATA[from after suite]]>
            </line>
            <line>
              <![CDATA[flush reporter]]>
            </line>
            <line>
              <![CDATA[closing JDBC connection]]>
            </line>
          </reporter-output>
        </test-method> <!-- afterSuite -->
      </class> <!-- Scripts.DWS_TC_005 -->
    </test> <!-- Default test -->
  </suite> <!-- Default suite -->
</testng-results>
