<?xml version="1.0" encoding="UTF-8"?>
<!-- Generated by org.testng.reporters.JUnitXMLReporter -->
<testsuite ignored="8" hostname="DESKTOP-8AABIJB" failures="0" tests="3" name="Test" time="75.927" errors="0" timestamp="2023-12-15T17:31:49 IST">
  <testcase classname="configAnnotationsExecution.Hayabusa" name="hayabusa" time="53.721"/>
  <testcase classname="configAnnotationsExecution.BMW" name="bmw" time="15.435"/>
  <testcase classname="configAnnotationsExecution.Harley" name="harley" time="6.503"/>
  <testcase classname="configAnnotations.BaseScript" name="@BeforeSuite beforeSuite" time="0.0">
    <ignored/>
  </testcase> <!-- @BeforeSuite beforeSuite -->
  <testcase classname="configAnnotations.BaseScript" name="@BeforeSuite beforeSuite" time="0.0">
    <ignored/>
  </testcase> <!-- @BeforeSuite beforeSuite -->
  <testcase classname="configAnnotations.BaseScript" name="@AfterTest afterTest" time="0.0">
    <ignored/>
  </testcase> <!-- @AfterTest afterTest -->
  <testcase classname="configAnnotations.BaseScript" name="@AfterTest afterTest" time="0.0">
    <ignored/>
  </testcase> <!-- @AfterTest afterTest -->
  <testcase classname="configAnnotations.BaseScript" name="@BeforeTest beforeTest" time="0.0">
    <ignored/>
  </testcase> <!-- @BeforeTest beforeTest -->
  <testcase classname="configAnnotations.BaseScript" name="@BeforeTest beforeTest" time="0.0">
    <ignored/>
  </testcase> <!-- @BeforeTest beforeTest -->
  <testcase classname="configAnnotations.BaseScript" name="@AfterSuite afterSuite" time="0.0">
    <ignored/>
  </testcase> <!-- @AfterSuite afterSuite -->
  <testcase classname="configAnnotations.BaseScript" name="@AfterSuite afterSuite" time="0.0">
    <ignored/>
  </testcase> <!-- @AfterSuite afterSuite -->
</testsuite> <!-- Test -->
